<?xml version="1.0" encoding="UTF-8"?>
<!-- Generated by org.testng.reporters.JUnitXMLReporter -->
<testsuite hostname="LAPTOP-JJ7FQKAA" ignored="0" name="搜索分类 接口" tests="3" failures="0" timestamp="27 Oct 2020 07:21:36 GMT" time="0.788" errors="0">
  <testcase name="testcase1" time="0.65" classname="com.mazy.interfTest.SearchTagsTest"/>
  <testcase name="testcase2" time="0.027" classname="com.mazy.interfTest.SearchTagsTest"/>
  <testcase name="testcase3" time="0.084" classname="com.mazy.interfTest.SearchTagsTest"/>
</testsuite> <!-- 搜索分类 接口 -->
