<?xml version="1.0" encoding="UTF-8"?>
<!-- Generated by org.testng.reporters.JUnitXMLReporter -->
<testsuite hostname="LAPTOP-JJ7FQKAA" ignored="0" name="搜索分类 接口" tests="3" failures="0" timestamp="25 Nov 2020 07:28:54 GMT" time="0.784" errors="0">
  <testcase name="testcase1" time="0.655" classname="com.mazy.interfTest.SearchTagsTest"/>
  <testcase name="testcase2" time="0.08" classname="com.mazy.interfTest.SearchTagsTest"/>
  <testcase name="testcase3" time="0.022" classname="com.mazy.interfTest.SearchTagsTest"/>
</testsuite> <!-- 搜索分类 接口 -->
