<?xml version="1.0" encoding="UTF-8"?>
<!-- Generated by org.testng.reporters.JUnitXMLReporter -->
<testsuite hostname="LAPTOP-JJ7FQKAA" ignored="0" name="Default test" tests="3" failures="0" timestamp="27 十月 2020 01:24:20 GMT" time="1.018" errors="0">
  <testcase name="testcase1" time="0.865" classname="com.mazy.douban.SearchTagsTest"/>
  <testcase name="testcase2" time="0.066" classname="com.mazy.douban.SearchTagsTest"/>
  <testcase name="testcase3" time="0.064" classname="com.mazy.douban.SearchTagsTest"/>
</testsuite> <!-- Default test -->
