<?xml version="1.0" encoding="UTF-8"?>
<!-- Generated by org.testng.reporters.JUnitXMLReporter -->
<testsuite hostname="LAPTOP-JJ7FQKAA" ignored="0" name="Default test" tests="3" failures="0" timestamp="24 十一月 2020 09:53:26 GMT" time="0.838" errors="0">
  <testcase name="testcase1" time="0.709" classname="com.mazy.interfTest.SearchTagsTest"/>
  <testcase name="testcase2" time="0.065" classname="com.mazy.interfTest.SearchTagsTest"/>
  <testcase name="testcase3" time="0.045" classname="com.mazy.interfTest.SearchTagsTest"/>
</testsuite> <!-- Default test -->
