<?xml version="1.0" encoding="UTF-8"?>
<testng-results skipped="0" failed="0" ignored="0" total="3" passed="3">
  <reporter-output>
    <line>
      <![CDATA[RetrofitLog--> --> GET https://movie.douban.com/j/search_tags?type=movie&source=index]]>
    </line>
    <line>
      <![CDATA[RetrofitLog--> --> END GET]]>
    </line>
    <line>
      <![CDATA[RetrofitLog--> <-- 200 OK https://movie.douban.com/j/search_tags?type=movie&source=index (167ms)]]>
    </line>
    <line>
      <![CDATA[RetrofitLog--> Date: Tue, 27 Oct 2020 01:24:18 GMT]]>
    </line>
    <line>
      <![CDATA[RetrofitLog--> Content-Type: application/json; charset=utf-8]]>
    </line>
    <line>
      <![CDATA[RetrofitLog--> Transfer-Encoding: chunked]]>
    </line>
    <line>
      <![CDATA[RetrofitLog--> Connection: keep-alive]]>
    </line>
    <line>
      <![CDATA[RetrofitLog--> Keep-Alive: timeout=30]]>
    </line>
    <line>
      <![CDATA[RetrofitLog--> X-Xss-Protection: 1; mode=block]]>
    </line>
    <line>
      <![CDATA[RetrofitLog--> X-Douban-Mobileapp: 0]]>
    </line>
    <line>
      <![CDATA[RetrofitLog--> Expires: Sun, 1 Jan 2006 01:00:00 GMT]]>
    </line>
    <line>
      <![CDATA[RetrofitLog--> Pragma: no-cache]]>
    </line>
    <line>
      <![CDATA[RetrofitLog--> Cache-Control: must-revalidate, no-cache, private]]>
    </line>
    <line>
      <![CDATA[RetrofitLog--> Set-Cookie: bid=RUsQ5juLcG4; Expires=Wed, 27-Oct-21 01:24:18 GMT; Domain=.douban.com; Path=/]]>
    </line>
    <line>
      <![CDATA[RetrofitLog--> X-DOUBAN-NEWBID: RUsQ5juLcG4]]>
    </line>
    <line>
      <![CDATA[RetrofitLog--> X-DAE-App: movie]]>
    </line>
    <line>
      <![CDATA[RetrofitLog--> X-DAE-Instance: default]]>
    </line>
    <line>
      <![CDATA[RetrofitLog--> Server: dae]]>
    </line>
    <line>
      <![CDATA[RetrofitLog--> X-Content-Type-Options: nosniff]]>
    </line>
    <line>
      <![CDATA[RetrofitLog--> ]]>
    </line>
    <line>
      <![CDATA[RetrofitLog--> {"tags":["热门","最新","豆瓣高分","冷门佳片","华语","欧美","韩国","日本"]}]]>
    </line>
    <line>
      <![CDATA[RetrofitLog--> <-- END HTTP (94-byte body)]]>
    </line>
    <line>
      <![CDATA[接口返回的Json对象校验成功！]]>
    </line>
    <line>
      <![CDATA[{"tags":["热门","最新","豆瓣高分","冷门佳片","华语","欧美","韩国","日本"]}]]>
    </line>
    <line>
      <![CDATA[RetrofitLog--> --> GET https://movie.douban.com/j/search_tags?type=tv&source=index]]>
    </line>
    <line>
      <![CDATA[RetrofitLog--> --> END GET]]>
    </line>
    <line>
      <![CDATA[RetrofitLog--> <-- 200 OK https://movie.douban.com/j/search_tags?type=tv&source=index (57ms)]]>
    </line>
    <line>
      <![CDATA[RetrofitLog--> Date: Tue, 27 Oct 2020 01:24:19 GMT]]>
    </line>
    <line>
      <![CDATA[RetrofitLog--> Content-Type: application/json; charset=utf-8]]>
    </line>
    <line>
      <![CDATA[RetrofitLog--> Transfer-Encoding: chunked]]>
    </line>
    <line>
      <![CDATA[RetrofitLog--> Connection: keep-alive]]>
    </line>
    <line>
      <![CDATA[RetrofitLog--> Keep-Alive: timeout=30]]>
    </line>
    <line>
      <![CDATA[RetrofitLog--> X-Xss-Protection: 1; mode=block]]>
    </line>
    <line>
      <![CDATA[RetrofitLog--> X-Douban-Mobileapp: 0]]>
    </line>
    <line>
      <![CDATA[RetrofitLog--> Expires: Sun, 1 Jan 2006 01:00:00 GMT]]>
    </line>
    <line>
      <![CDATA[RetrofitLog--> Pragma: no-cache]]>
    </line>
    <line>
      <![CDATA[RetrofitLog--> Cache-Control: must-revalidate, no-cache, private]]>
    </line>
    <line>
      <![CDATA[RetrofitLog--> Set-Cookie: bid=gMc45g6ywXs; Expires=Wed, 27-Oct-21 01:24:19 GMT; Domain=.douban.com; Path=/]]>
    </line>
    <line>
      <![CDATA[RetrofitLog--> X-DOUBAN-NEWBID: gMc45g6ywXs]]>
    </line>
    <line>
      <![CDATA[RetrofitLog--> X-DAE-App: movie]]>
    </line>
    <line>
      <![CDATA[RetrofitLog--> X-DAE-Instance: default]]>
    </line>
    <line>
      <![CDATA[RetrofitLog--> Server: dae]]>
    </line>
    <line>
      <![CDATA[RetrofitLog--> X-Content-Type-Options: nosniff]]>
    </line>
    <line>
      <![CDATA[RetrofitLog--> ]]>
    </line>
    <line>
      <![CDATA[RetrofitLog--> {"tags":["热门","国产剧","综艺","美剧","日剧","韩剧","日本动画","纪录片"]}]]>
    </line>
    <line>
      <![CDATA[RetrofitLog--> <-- END HTTP (94-byte body)]]>
    </line>
    <line>
      <![CDATA[接口返回的Json对象校验成功！]]>
    </line>
    <line>
      <![CDATA[{"tags":["热门","国产剧","综艺","美剧","日剧","韩剧","日本动画","纪录片"]}]]>
    </line>
    <line>
      <![CDATA[RetrofitLog--> --> GET http://design.test7.ikongjian.com/monitor]]>
    </line>
    <line>
      <![CDATA[RetrofitLog--> --> END GET]]>
    </line>
    <line>
      <![CDATA[RetrofitLog--> <-- 200 http://design.test7.ikongjian.com/monitor (53ms)]]>
    </line>
    <line>
      <![CDATA[RetrofitLog--> Server: nginx/1.16.1]]>
    </line>
    <line>
      <![CDATA[RetrofitLog--> Date: Tue, 27 Oct 2020 01:24:19 GMT]]>
    </line>
    <line>
      <![CDATA[RetrofitLog--> Content-Type: application/json]]>
    </line>
    <line>
      <![CDATA[RetrofitLog--> Transfer-Encoding: chunked]]>
    </line>
    <line>
      <![CDATA[RetrofitLog--> Connection: keep-alive]]>
    </line>
    <line>
      <![CDATA[RetrofitLog--> Set-Cookie: jsid=b2567a0f-1c40-4676-824b-8cff5e4597b1; Domain=.test7.ikongjian.com; Path=/; Max-Age=2592000; Expires=Thu, 26-Nov-2020 01:24:19 GMT; HttpOnly]]>
    </line>
    <line>
      <![CDATA[RetrofitLog--> ]]>
    </line>
    <line>
      <![CDATA[RetrofitLog--> {"code":0,"msg":"系统正常","result":null}]]>
    </line>
    <line>
      <![CDATA[RetrofitLog--> <-- END HTTP (45-byte body)]]>
    </line>
    <line>
      <![CDATA[接口返回的Json对象校验成功！]]>
    </line>
    <line>
      <![CDATA[{"code":0,"msg":"系统正常"}]]>
    </line>
  </reporter-output>
  <suite name="Default suite" duration-ms="1018" started-at="2020-10-27T01:24:19Z" finished-at="2020-10-27T01:24:20Z">
    <groups>
    </groups>
    <test name="Default test" duration-ms="1018" started-at="2020-10-27T01:24:19Z" finished-at="2020-10-27T01:24:20Z">
      <class name="com.mazy.douban.SearchTagsTest">
        <test-method status="PASS" signature="beforeSuite()[pri:0, instance:com.mazy.douban.SearchTagsTest@5025a98f]" name="beforeSuite" is-config="true" duration-ms="676" started-at="2020-10-27T01:24:18Z" finished-at="2020-10-27T01:24:19Z">
          <reporter-output>
          </reporter-output>
        </test-method> <!-- beforeSuite -->
        <test-method status="PASS" signature="testcase1()[pri:0, instance:com.mazy.douban.SearchTagsTest@5025a98f]" name="testcase1" duration-ms="865" started-at="2020-10-27T01:24:19Z" description="电影首页。类别:type=movie source=index" finished-at="2020-10-27T01:24:20Z">
          <reporter-output>
            <line>
              <![CDATA[RetrofitLog--> --> GET https://movie.douban.com/j/search_tags?type=movie&source=index]]>
            </line>
            <line>
              <![CDATA[RetrofitLog--> --> END GET]]>
            </line>
            <line>
              <![CDATA[RetrofitLog--> <-- 200 OK https://movie.douban.com/j/search_tags?type=movie&source=index (167ms)]]>
            </line>
            <line>
              <![CDATA[RetrofitLog--> Date: Tue, 27 Oct 2020 01:24:18 GMT]]>
            </line>
            <line>
              <![CDATA[RetrofitLog--> Content-Type: application/json; charset=utf-8]]>
            </line>
            <line>
              <![CDATA[RetrofitLog--> Transfer-Encoding: chunked]]>
            </line>
            <line>
              <![CDATA[RetrofitLog--> Connection: keep-alive]]>
            </line>
            <line>
              <![CDATA[RetrofitLog--> Keep-Alive: timeout=30]]>
            </line>
            <line>
              <![CDATA[RetrofitLog--> X-Xss-Protection: 1; mode=block]]>
            </line>
            <line>
              <![CDATA[RetrofitLog--> X-Douban-Mobileapp: 0]]>
            </line>
            <line>
              <![CDATA[RetrofitLog--> Expires: Sun, 1 Jan 2006 01:00:00 GMT]]>
            </line>
            <line>
              <![CDATA[RetrofitLog--> Pragma: no-cache]]>
            </line>
            <line>
              <![CDATA[RetrofitLog--> Cache-Control: must-revalidate, no-cache, private]]>
            </line>
            <line>
              <![CDATA[RetrofitLog--> Set-Cookie: bid=RUsQ5juLcG4; Expires=Wed, 27-Oct-21 01:24:18 GMT; Domain=.douban.com; Path=/]]>
            </line>
            <line>
              <![CDATA[RetrofitLog--> X-DOUBAN-NEWBID: RUsQ5juLcG4]]>
            </line>
            <line>
              <![CDATA[RetrofitLog--> X-DAE-App: movie]]>
            </line>
            <line>
              <![CDATA[RetrofitLog--> X-DAE-Instance: default]]>
            </line>
            <line>
              <![CDATA[RetrofitLog--> Server: dae]]>
            </line>
            <line>
              <![CDATA[RetrofitLog--> X-Content-Type-Options: nosniff]]>
            </line>
            <line>
              <![CDATA[RetrofitLog--> ]]>
            </line>
            <line>
              <![CDATA[RetrofitLog--> {"tags":["热门","最新","豆瓣高分","冷门佳片","华语","欧美","韩国","日本"]}]]>
            </line>
            <line>
              <![CDATA[RetrofitLog--> <-- END HTTP (94-byte body)]]>
            </line>
            <line>
              <![CDATA[接口返回的Json对象校验成功！]]>
            </line>
            <line>
              <![CDATA[{"tags":["热门","最新","豆瓣高分","冷门佳片","华语","欧美","韩国","日本"]}]]>
            </line>
          </reporter-output>
        </test-method> <!-- testcase1 -->
        <test-method status="PASS" signature="testcase2()[pri:0, instance:com.mazy.douban.SearchTagsTest@5025a98f]" name="testcase2" duration-ms="66" started-at="2020-10-27T01:24:20Z" description="Tv首页。类别:type=tv source=index" finished-at="2020-10-27T01:24:20Z">
          <reporter-output>
            <line>
              <![CDATA[RetrofitLog--> --> GET https://movie.douban.com/j/search_tags?type=tv&source=index]]>
            </line>
            <line>
              <![CDATA[RetrofitLog--> --> END GET]]>
            </line>
            <line>
              <![CDATA[RetrofitLog--> <-- 200 OK https://movie.douban.com/j/search_tags?type=tv&source=index (57ms)]]>
            </line>
            <line>
              <![CDATA[RetrofitLog--> Date: Tue, 27 Oct 2020 01:24:19 GMT]]>
            </line>
            <line>
              <![CDATA[RetrofitLog--> Content-Type: application/json; charset=utf-8]]>
            </line>
            <line>
              <![CDATA[RetrofitLog--> Transfer-Encoding: chunked]]>
            </line>
            <line>
              <![CDATA[RetrofitLog--> Connection: keep-alive]]>
            </line>
            <line>
              <![CDATA[RetrofitLog--> Keep-Alive: timeout=30]]>
            </line>
            <line>
              <![CDATA[RetrofitLog--> X-Xss-Protection: 1; mode=block]]>
            </line>
            <line>
              <![CDATA[RetrofitLog--> X-Douban-Mobileapp: 0]]>
            </line>
            <line>
              <![CDATA[RetrofitLog--> Expires: Sun, 1 Jan 2006 01:00:00 GMT]]>
            </line>
            <line>
              <![CDATA[RetrofitLog--> Pragma: no-cache]]>
            </line>
            <line>
              <![CDATA[RetrofitLog--> Cache-Control: must-revalidate, no-cache, private]]>
            </line>
            <line>
              <![CDATA[RetrofitLog--> Set-Cookie: bid=gMc45g6ywXs; Expires=Wed, 27-Oct-21 01:24:19 GMT; Domain=.douban.com; Path=/]]>
            </line>
            <line>
              <![CDATA[RetrofitLog--> X-DOUBAN-NEWBID: gMc45g6ywXs]]>
            </line>
            <line>
              <![CDATA[RetrofitLog--> X-DAE-App: movie]]>
            </line>
            <line>
              <![CDATA[RetrofitLog--> X-DAE-Instance: default]]>
            </line>
            <line>
              <![CDATA[RetrofitLog--> Server: dae]]>
            </line>
            <line>
              <![CDATA[RetrofitLog--> X-Content-Type-Options: nosniff]]>
            </line>
            <line>
              <![CDATA[RetrofitLog--> ]]>
            </line>
            <line>
              <![CDATA[RetrofitLog--> {"tags":["热门","国产剧","综艺","美剧","日剧","韩剧","日本动画","纪录片"]}]]>
            </line>
            <line>
              <![CDATA[RetrofitLog--> <-- END HTTP (94-byte body)]]>
            </line>
            <line>
              <![CDATA[接口返回的Json对象校验成功！]]>
            </line>
            <line>
              <![CDATA[{"tags":["热门","国产剧","综艺","美剧","日剧","韩剧","日本动画","纪录片"]}]]>
            </line>
          </reporter-output>
        </test-method> <!-- testcase2 -->
        <test-method status="PASS" signature="testcase3()[pri:0, instance:com.mazy.douban.SearchTagsTest@5025a98f]" name="testcase3" duration-ms="64" started-at="2020-10-27T01:24:20Z" description="测试test7环境是否可用" finished-at="2020-10-27T01:24:20Z">
          <reporter-output>
            <line>
              <![CDATA[RetrofitLog--> --> GET http://design.test7.ikongjian.com/monitor]]>
            </line>
            <line>
              <![CDATA[RetrofitLog--> --> END GET]]>
            </line>
            <line>
              <![CDATA[RetrofitLog--> <-- 200 http://design.test7.ikongjian.com/monitor (53ms)]]>
            </line>
            <line>
              <![CDATA[RetrofitLog--> Server: nginx/1.16.1]]>
            </line>
            <line>
              <![CDATA[RetrofitLog--> Date: Tue, 27 Oct 2020 01:24:19 GMT]]>
            </line>
            <line>
              <![CDATA[RetrofitLog--> Content-Type: application/json]]>
            </line>
            <line>
              <![CDATA[RetrofitLog--> Transfer-Encoding: chunked]]>
            </line>
            <line>
              <![CDATA[RetrofitLog--> Connection: keep-alive]]>
            </line>
            <line>
              <![CDATA[RetrofitLog--> Set-Cookie: jsid=b2567a0f-1c40-4676-824b-8cff5e4597b1; Domain=.test7.ikongjian.com; Path=/; Max-Age=2592000; Expires=Thu, 26-Nov-2020 01:24:19 GMT; HttpOnly]]>
            </line>
            <line>
              <![CDATA[RetrofitLog--> ]]>
            </line>
            <line>
              <![CDATA[RetrofitLog--> {"code":0,"msg":"系统正常","result":null}]]>
            </line>
            <line>
              <![CDATA[RetrofitLog--> <-- END HTTP (45-byte body)]]>
            </line>
            <line>
              <![CDATA[接口返回的Json对象校验成功！]]>
            </line>
            <line>
              <![CDATA[{"code":0,"msg":"系统正常"}]]>
            </line>
          </reporter-output>
        </test-method> <!-- testcase3 -->
      </class> <!-- com.mazy.douban.SearchTagsTest -->
    </test> <!-- Default test -->
  </suite> <!-- Default suite -->
</testng-results>
